2024-05-17T16:11:14.424Z - GET - /api/dens/
2024-05-17T16:11:44.442Z - GET - /api/dens/
2024-05-17T16:12:01.596Z - GET - /api/dens/
2024-05-17T16:12:45.950Z - GET - /api/dens/
2024-05-17T16:12:55.447Z - GET - /api/meeples/664766a3752e4f6f598cb15d
2024-05-17T16:12:59.610Z - GET - /api/meeples/
2024-05-17T16:14:12.952Z - GET - /api/meeples/
2024-05-18T15:34:31.413Z - POST - /api/meeples/
2024-05-18T15:41:53.654Z - POST - /api/meeples/login
2024-05-18T15:42:08.351Z - POST - /api/meeples/login
2024-05-18T15:42:20.615Z - POST - /api/meeples/login
2024-05-18T15:43:10.565Z - POST - /api/meeples/login
2024-05-18T15:43:38.941Z - POST - /api/meeples/login
2024-05-18T15:44:30.742Z - POST - /api/meeples/me
2024-05-18T15:44:35.157Z - POST - /api/meeples/me
2024-05-25T16:33:01.225Z - POST - /api/meeples
2024-05-25T16:33:11.732Z - GET - /api/meeples/
2024-05-25T16:34:21.406Z - GET - /api/dens/
2024-05-25T16:38:43.554Z - POST - /api/games/
2024-05-25T16:39:55.215Z - POST - /api/games/
2024-05-25T16:40:02.981Z - POST - /api/games/
2024-05-25T16:40:09.231Z - POST - /api/games/
2024-05-25T16:40:16.522Z - POST - /api/games/
2024-05-25T16:40:22.597Z - POST - /api/games/
2024-05-25T16:40:29.349Z - POST - /api/games/
2024-05-25T16:40:34.999Z - POST - /api/games/
2024-05-25T16:40:41.008Z - POST - /api/games/
2024-05-25T16:40:47.532Z - POST - /api/games/
2024-05-25T16:40:54.025Z - POST - /api/games/
2024-05-25T16:49:49.680Z - POST - /api/dens/
2024-05-25T16:49:55.247Z - POST - /api/dens/
2024-05-25T16:50:01.466Z - POST - /api/dens/
2024-05-25T16:50:13.888Z - POST - /api/dens/
2024-05-25T16:50:18.285Z - POST - /api/dens/
2024-05-25T16:50:23.565Z - POST - /api/dens/
2024-05-25T16:50:27.765Z - POST - /api/dens/
2024-05-25T16:50:32.006Z - POST - /api/dens/
2024-05-25T16:50:35.786Z - POST - /api/dens/
2024-05-25T16:50:39.873Z - POST - /api/dens/
2024-05-25T16:50:43.649Z - POST - /api/dens/
2024-05-25T16:54:14.074Z - POST - /api/dens/665216adf87fb0aa34ee3a6e
2024-05-25T16:54:23.739Z - PUT - /api/dens/665216adf87fb0aa34ee3a6e
2024-05-25T16:55:45.287Z - PUT - /api/dens/665216adf87fb0aa34ee3a6e/addGame
2024-05-25T16:56:13.219Z - PUT - /api/dens/665216adf87fb0aa34ee3a6e/addGame
2024-05-25T16:56:40.542Z - PUT - /api/dens/665216adf87fb0aa34ee3a6e/addGame
2024-05-25T16:56:47.483Z - PUT - /api/dens/665216adf87fb0aa34ee3a6e/addGame
2024-05-30T16:36:29.718Z - POST - /api/meeples/
2024-05-30T16:37:07.624Z - POST - /api/meeples/
2024-05-30T16:37:35.684Z - POST - /api/meeples/
2024-05-30T16:37:40.920Z - POST - /api/meeples/
2024-05-30T16:37:45.570Z - POST - /api/meeples/
2024-05-30T16:37:50.216Z - POST - /api/meeples/
2024-05-30T16:37:54.661Z - POST - /api/meeples/
2024-05-30T16:38:46.257Z - POST - /api/meeples/
2024-05-30T16:40:35.843Z - GET - /api/meeples/login
2024-05-30T16:41:13.573Z - GET - /api/meeples/login
2024-05-30T16:43:26.867Z - GET - /api/meeples/login
2024-05-30T16:43:30.085Z - GET - /api/meeples/login
2024-05-30T16:43:39.724Z - GET - /api/meeples/login
2024-05-30T16:44:03.824Z - POST - /api/meeples/login
2024-05-30T16:47:23.912Z - DELETE - /api/meeples/6658ab335698dc49ba841e92
